<?xml version="1.0" encoding="UTF-8"?>
<!-- Generated by org.testng.reporters.JUnitReportReporter -->
<testsuite hostname="5CD138MBGZ" failures="0" tests="36" name="pomTest.DashboardTest" time="0.000" errors="0" timestamp="2023-05-22T11:26:18 IST" skipped="36">
  <testcase classname="pomTest.DashboardTest" name="clickAsset" time="0.000">
    <skipped/>
  </testcase> <!-- clickAsset -->
  <system-out/>
  <testcase classname="pomTest.DashboardTest" name="searchBadge" time="0.000">
    <skipped/>
  </testcase> <!-- searchBadge -->
  <system-out/>
  <testcase classname="pomTest.DashboardTest" name="searchBadge" time="0.000">
    <skipped/>
  </testcase> <!-- searchBadge -->
  <system-out/>
  <testcase classname="pomTest.DashboardTest" name="searchBadge" time="0.000">
    <skipped/>
  </testcase> <!-- searchBadge -->
  <system-out/>
  <testcase classname="pomTest.DashboardTest" name="searchBadge" time="0.000">
    <skipped/>
  </testcase> <!-- searchBadge -->
  <system-out/>
  <testcase classname="pomTest.DashboardTest" name="searchBadge" time="0.000">
    <skipped/>
  </testcase> <!-- searchBadge -->
  <system-out/>
  <testcase classname="pomTest.DashboardTest" name="searchBadge" time="0.000">
    <skipped/>
  </testcase> <!-- searchBadge -->
  <system-out/>
  <testcase classname="pomTest.DashboardTest" name="searchBadge" time="0.000">
    <skipped/>
  </testcase> <!-- searchBadge -->
  <system-out/>
  <testcase classname="pomTest.DashboardTest" name="searchBadge" time="0.000">
    <skipped/>
  </testcase> <!-- searchBadge -->
  <system-out/>
  <testcase classname="pomTest.DashboardTest" name="searchBadge" time="0.000">
    <skipped/>
  </testcase> <!-- searchBadge -->
  <system-out/>
  <testcase classname="pomTest.DashboardTest" name="searchBadge" time="0.000">
    <skipped/>
  </testcase> <!-- searchBadge -->
  <system-out/>
  <testcase classname="pomTest.DashboardTest" name="searchBadge" time="0.000">
    <skipped/>
  </testcase> <!-- searchBadge -->
  <system-out/>
  <testcase classname="pomTest.DashboardTest" name="searchBadge" time="0.000">
    <skipped/>
  </testcase> <!-- searchBadge -->
  <system-out/>
  <testcase classname="pomTest.DashboardTest" name="searchBadge" time="0.000">
    <skipped/>
  </testcase> <!-- searchBadge -->
  <system-out/>
  <testcase classname="pomTest.DashboardTest" name="searchBadge" time="0.000">
    <skipped/>
  </testcase> <!-- searchBadge -->
  <system-out/>
  <testcase classname="pomTest.DashboardTest" name="searchBadge" time="0.000">
    <skipped/>
  </testcase> <!-- searchBadge -->
  <system-out/>
  <testcase classname="pomTest.DashboardTest" name="searchBadge" time="0.000">
    <skipped/>
  </testcase> <!-- searchBadge -->
  <system-out/>
  <testcase classname="pomTest.DashboardTest" name="searchBadge" time="0.000">
    <skipped/>
  </testcase> <!-- searchBadge -->
  <system-out/>
  <testcase classname="pomTest.DashboardTest" name="searchBadge" time="0.000">
    <skipped/>
  </testcase> <!-- searchBadge -->
  <system-out/>
  <testcase classname="pomTest.DashboardTest" name="searchBadge" time="0.000">
    <skipped/>
  </testcase> <!-- searchBadge -->
  <system-out/>
  <testcase classname="pomTest.DashboardTest" name="searchBadge" time="0.000">
    <skipped/>
  </testcase> <!-- searchBadge -->
  <system-out/>
  <testcase classname="pomTest.DashboardTest" name="searchBadge" time="0.000">
    <skipped/>
  </testcase> <!-- searchBadge -->
  <system-out/>
  <testcase classname="pomTest.DashboardTest" name="searchBadge" time="0.000">
    <skipped/>
  </testcase> <!-- searchBadge -->
  <system-out/>
  <testcase classname="pomTest.DashboardTest" name="searchBadge" time="0.000">
    <skipped/>
  </testcase> <!-- searchBadge -->
  <system-out/>
  <testcase classname="pomTest.DashboardTest" name="searchBadge" time="0.000">
    <skipped/>
  </testcase> <!-- searchBadge -->
  <system-out/>
  <testcase classname="pomTest.DashboardTest" name="searchBadge" time="0.000">
    <skipped/>
  </testcase> <!-- searchBadge -->
  <system-out/>
  <testcase classname="pomTest.DashboardTest" name="searchBadge" time="0.000">
    <skipped/>
  </testcase> <!-- searchBadge -->
  <system-out/>
  <testcase classname="pomTest.DashboardTest" name="searchBadge" time="0.000">
    <skipped/>
  </testcase> <!-- searchBadge -->
  <system-out/>
  <testcase classname="pomTest.DashboardTest" name="searchBadge" time="0.000">
    <skipped/>
  </testcase> <!-- searchBadge -->
  <system-out/>
  <testcase classname="pomTest.DashboardTest" name="searchBadge" time="0.000">
    <skipped/>
  </testcase> <!-- searchBadge -->
  <system-out/>
  <testcase classname="pomTest.DashboardTest" name="searchBadge" time="0.000">
    <skipped/>
  </testcase> <!-- searchBadge -->
  <system-out/>
  <testcase classname="pomTest.DashboardTest" name="searchBadge" time="0.000">
    <skipped/>
  </testcase> <!-- searchBadge -->
  <system-out/>
  <testcase classname="pomTest.DashboardTest" name="searchBadge" time="0.000">
    <skipped/>
  </testcase> <!-- searchBadge -->
  <system-out/>
  <testcase classname="pomTest.DashboardTest" name="searchBadge" time="0.000">
    <skipped/>
  </testcase> <!-- searchBadge -->
  <system-out/>
  <testcase classname="pomTest.DashboardTest" name="searchBadge" time="0.000">
    <skipped/>
  </testcase> <!-- searchBadge -->
  <system-out/>
  <testcase classname="pomTest.DashboardTest" name="searchBadge" time="0.000">
    <skipped/>
  </testcase> <!-- searchBadge -->
  <system-out/>
</testsuite> <!-- pomTest.DashboardTest -->
