<?xml version="1.0" encoding="UTF-8"?>
<!-- Generated by org.testng.reporters.JUnitReportReporter -->
<testsuite hostname="5CD138MBGZ" failures="0" tests="1" name="pomTest.LoginTest" time="0.000" errors="0" timestamp="2023-05-22T11:26:18 IST" skipped="1">
  <testcase classname="pomTest.LoginTest" name="login" time="0.000">
    <skipped/>
  </testcase> <!-- login -->
  <system-out/>
</testsuite> <!-- pomTest.LoginTest -->
